Determining if the function crc32c_value exists in the crc32c failed with the following output:
Change Dir: /home/wojtek/Work/MyLevelDB/leveldb/build/CMakeFiles/CMakeTmp

Run Build Command(s):/usr/bin/make cmTC_d03a2/fast && /usr/bin/make -f CMakeFiles/cmTC_d03a2.dir/build.make CMakeFiles/cmTC_d03a2.dir/build
make[1]: Entering directory '/home/wojtek/Work/MyLevelDB/leveldb/build/CMakeFiles/CMakeTmp'
Building C object CMakeFiles/cmTC_d03a2.dir/CheckFunctionExists.c.o
/usr/bin/cc   -DCHECK_FUNCTION_EXISTS=crc32c_value   -std=c11 -o CMakeFiles/cmTC_d03a2.dir/CheckFunctionExists.c.o   -c /usr/share/cmake-3.16/Modules/CheckFunctionExists.c
Linking C executable cmTC_d03a2
/usr/bin/cmake -E cmake_link_script CMakeFiles/cmTC_d03a2.dir/link.txt --verbose=1
/usr/bin/cc  -DCHECK_FUNCTION_EXISTS=crc32c_value    CMakeFiles/cmTC_d03a2.dir/CheckFunctionExists.c.o  -o cmTC_d03a2  -lcrc32c 
/usr/bin/ld: cannot find -lcrc32c
collect2: error: ld returned 1 exit status
make[1]: *** [CMakeFiles/cmTC_d03a2.dir/build.make:87: cmTC_d03a2] Error 1
make[1]: Leaving directory '/home/wojtek/Work/MyLevelDB/leveldb/build/CMakeFiles/CMakeTmp'
make: *** [Makefile:121: cmTC_d03a2/fast] Error 2



Determining if the function snappy_compress exists in the snappy failed with the following output:
Change Dir: /home/wojtek/Work/MyLevelDB/leveldb/build/CMakeFiles/CMakeTmp

Run Build Command(s):/usr/bin/make cmTC_db7b8/fast && /usr/bin/make -f CMakeFiles/cmTC_db7b8.dir/build.make CMakeFiles/cmTC_db7b8.dir/build
make[1]: Entering directory '/home/wojtek/Work/MyLevelDB/leveldb/build/CMakeFiles/CMakeTmp'
Building C object CMakeFiles/cmTC_db7b8.dir/CheckFunctionExists.c.o
/usr/bin/cc   -DCHECK_FUNCTION_EXISTS=snappy_compress   -std=c11 -o CMakeFiles/cmTC_db7b8.dir/CheckFunctionExists.c.o   -c /usr/share/cmake-3.16/Modules/CheckFunctionExists.c
Linking C executable cmTC_db7b8
/usr/bin/cmake -E cmake_link_script CMakeFiles/cmTC_db7b8.dir/link.txt --verbose=1
/usr/bin/cc  -DCHECK_FUNCTION_EXISTS=snappy_compress    CMakeFiles/cmTC_db7b8.dir/CheckFunctionExists.c.o  -o cmTC_db7b8  -lsnappy 
/usr/bin/ld: cannot find -lsnappy
collect2: error: ld returned 1 exit status
make[1]: *** [CMakeFiles/cmTC_db7b8.dir/build.make:87: cmTC_db7b8] Error 1
make[1]: Leaving directory '/home/wojtek/Work/MyLevelDB/leveldb/build/CMakeFiles/CMakeTmp'
make: *** [Makefile:121: cmTC_db7b8/fast] Error 2



Determining if the function zstd_compress exists in the zstd failed with the following output:
Change Dir: /home/wojtek/Work/MyLevelDB/leveldb/build/CMakeFiles/CMakeTmp

Run Build Command(s):/usr/bin/make cmTC_f0b15/fast && /usr/bin/make -f CMakeFiles/cmTC_f0b15.dir/build.make CMakeFiles/cmTC_f0b15.dir/build
make[1]: Entering directory '/home/wojtek/Work/MyLevelDB/leveldb/build/CMakeFiles/CMakeTmp'
Building C object CMakeFiles/cmTC_f0b15.dir/CheckFunctionExists.c.o
/usr/bin/cc   -DCHECK_FUNCTION_EXISTS=zstd_compress   -std=c11 -o CMakeFiles/cmTC_f0b15.dir/CheckFunctionExists.c.o   -c /usr/share/cmake-3.16/Modules/CheckFunctionExists.c
Linking C executable cmTC_f0b15
/usr/bin/cmake -E cmake_link_script CMakeFiles/cmTC_f0b15.dir/link.txt --verbose=1
/usr/bin/cc  -DCHECK_FUNCTION_EXISTS=zstd_compress    CMakeFiles/cmTC_f0b15.dir/CheckFunctionExists.c.o  -o cmTC_f0b15  -lzstd 
/usr/bin/ld: cannot find -lzstd
collect2: error: ld returned 1 exit status
make[1]: *** [CMakeFiles/cmTC_f0b15.dir/build.make:87: cmTC_f0b15] Error 1
make[1]: Leaving directory '/home/wojtek/Work/MyLevelDB/leveldb/build/CMakeFiles/CMakeTmp'
make: *** [Makefile:121: cmTC_f0b15/fast] Error 2



Determining if the function malloc exists in the tcmalloc failed with the following output:
Change Dir: /home/wojtek/Work/MyLevelDB/leveldb/build/CMakeFiles/CMakeTmp

Run Build Command(s):/usr/bin/make cmTC_5c07a/fast && /usr/bin/make -f CMakeFiles/cmTC_5c07a.dir/build.make CMakeFiles/cmTC_5c07a.dir/build
make[1]: Entering directory '/home/wojtek/Work/MyLevelDB/leveldb/build/CMakeFiles/CMakeTmp'
Building C object CMakeFiles/cmTC_5c07a.dir/CheckFunctionExists.c.o
/usr/bin/cc   -DCHECK_FUNCTION_EXISTS=malloc   -std=c11 -o CMakeFiles/cmTC_5c07a.dir/CheckFunctionExists.c.o   -c /usr/share/cmake-3.16/Modules/CheckFunctionExists.c
<command-line>: warning: conflicting types for built-in function ‘malloc’; expected ‘void *(long unsigned int)’ [-Wbuiltin-declaration-mismatch]
/usr/share/cmake-3.16/Modules/CheckFunctionExists.c:7:3: note: in expansion of macro ‘CHECK_FUNCTION_EXISTS’
    7 |   CHECK_FUNCTION_EXISTS(void);
      |   ^~~~~~~~~~~~~~~~~~~~~
/usr/share/cmake-3.16/Modules/CheckFunctionExists.c:1:1: note: ‘malloc’ is declared in header ‘<stdlib.h>’
  +++ |+#include <stdlib.h>
    1 | #ifdef CHECK_FUNCTION_EXISTS
Linking C executable cmTC_5c07a
/usr/bin/cmake -E cmake_link_script CMakeFiles/cmTC_5c07a.dir/link.txt --verbose=1
/usr/bin/cc  -DCHECK_FUNCTION_EXISTS=malloc    CMakeFiles/cmTC_5c07a.dir/CheckFunctionExists.c.o  -o cmTC_5c07a  -ltcmalloc 
/usr/bin/ld: cannot find -ltcmalloc
collect2: error: ld returned 1 exit status
make[1]: *** [CMakeFiles/cmTC_5c07a.dir/build.make:87: cmTC_5c07a] Error 1
make[1]: Leaving directory '/home/wojtek/Work/MyLevelDB/leveldb/build/CMakeFiles/CMakeTmp'
make: *** [Makefile:121: cmTC_5c07a/fast] Error 2



Determining if the F_FULLFSYNC exist failed with the following output:
Change Dir: /home/wojtek/Work/MyLevelDB/leveldb/build/CMakeFiles/CMakeTmp

Run Build Command(s):/usr/bin/make cmTC_49887/fast && /usr/bin/make -f CMakeFiles/cmTC_49887.dir/build.make CMakeFiles/cmTC_49887.dir/build
make[1]: Entering directory '/home/wojtek/Work/MyLevelDB/leveldb/build/CMakeFiles/CMakeTmp'
Building CXX object CMakeFiles/cmTC_49887.dir/CheckSymbolExists.cxx.o
/usr/bin/c++    -std=c++11 -o CMakeFiles/cmTC_49887.dir/CheckSymbolExists.cxx.o -c /home/wojtek/Work/MyLevelDB/leveldb/build/CMakeFiles/CMakeTmp/CheckSymbolExists.cxx
/home/wojtek/Work/MyLevelDB/leveldb/build/CMakeFiles/CMakeTmp/CheckSymbolExists.cxx: In function ‘int main(int, char**)’:
/home/wojtek/Work/MyLevelDB/leveldb/build/CMakeFiles/CMakeTmp/CheckSymbolExists.cxx:8:19: error: ‘F_FULLFSYNC’ was not declared in this scope
    8 |   return ((int*)(&F_FULLFSYNC))[argc];
      |                   ^~~~~~~~~~~
make[1]: *** [CMakeFiles/cmTC_49887.dir/build.make:66: CMakeFiles/cmTC_49887.dir/CheckSymbolExists.cxx.o] Error 1
make[1]: Leaving directory '/home/wojtek/Work/MyLevelDB/leveldb/build/CMakeFiles/CMakeTmp'
make: *** [Makefile:121: cmTC_49887/fast] Error 2


File /home/wojtek/Work/MyLevelDB/leveldb/build/CMakeFiles/CMakeTmp/CheckSymbolExists.cxx:
/* */
#include <fcntl.h>

int main(int argc, char** argv)
{
  (void)argv;
#ifndef F_FULLFSYNC
  return ((int*)(&F_FULLFSYNC))[argc];
#else
  (void)argc;
  return 0;
#endif
}
Performing C++ SOURCE FILE Test HAVE_CLANG_THREAD_SAFETY failed with the following output:
Change Dir: /home/wojtek/Work/MyLevelDB/leveldb/build/CMakeFiles/CMakeTmp

Run Build Command(s):/usr/bin/make cmTC_52248/fast && /usr/bin/make -f CMakeFiles/cmTC_52248.dir/build.make CMakeFiles/cmTC_52248.dir/build
make[1]: Entering directory '/home/wojtek/Work/MyLevelDB/leveldb/build/CMakeFiles/CMakeTmp'
Building CXX object CMakeFiles/cmTC_52248.dir/src.cxx.o
/usr/bin/c++    -fno-exceptions -fno-rtti -DHAVE_CLANG_THREAD_SAFETY   -Wthread-safety -std=c++11 -o CMakeFiles/cmTC_52248.dir/src.cxx.o -c /home/wojtek/Work/MyLevelDB/leveldb/build/CMakeFiles/CMakeTmp/src.cxx
c++: error: unrecognized command line option '-Wthread-safety'
make[1]: *** [CMakeFiles/cmTC_52248.dir/build.make:66: CMakeFiles/cmTC_52248.dir/src.cxx.o] Error 1
make[1]: Leaving directory '/home/wojtek/Work/MyLevelDB/leveldb/build/CMakeFiles/CMakeTmp'
make: *** [Makefile:121: cmTC_52248/fast] Error 2


Source file was:
int main() { return 0; }
Performing C SOURCE FILE Test CMAKE_HAVE_LIBC_PTHREAD failed with the following output:
Change Dir: /home/wojtek/Work/MyLevelDB/leveldb/build/CMakeFiles/CMakeTmp

Run Build Command(s):/usr/bin/make cmTC_5ae14/fast && /usr/bin/make -f CMakeFiles/cmTC_5ae14.dir/build.make CMakeFiles/cmTC_5ae14.dir/build
make[1]: Entering directory '/home/wojtek/Work/MyLevelDB/leveldb/build/CMakeFiles/CMakeTmp'
Building C object CMakeFiles/cmTC_5ae14.dir/src.c.o
/usr/bin/cc   -Wstrict-prototypes -DCMAKE_HAVE_LIBC_PTHREAD   -std=c11 -o CMakeFiles/cmTC_5ae14.dir/src.c.o   -c /home/wojtek/Work/MyLevelDB/leveldb/build/CMakeFiles/CMakeTmp/src.c
Linking C executable cmTC_5ae14
/usr/bin/cmake -E cmake_link_script CMakeFiles/cmTC_5ae14.dir/link.txt --verbose=1
/usr/bin/cc  -Wstrict-prototypes -DCMAKE_HAVE_LIBC_PTHREAD    CMakeFiles/cmTC_5ae14.dir/src.c.o  -o cmTC_5ae14 
/usr/bin/ld: CMakeFiles/cmTC_5ae14.dir/src.c.o: in function `main':
src.c:(.text+0x46): undefined reference to `pthread_create'
/usr/bin/ld: src.c:(.text+0x52): undefined reference to `pthread_detach'
/usr/bin/ld: src.c:(.text+0x63): undefined reference to `pthread_join'
collect2: error: ld returned 1 exit status
make[1]: *** [CMakeFiles/cmTC_5ae14.dir/build.make:87: cmTC_5ae14] Error 1
make[1]: Leaving directory '/home/wojtek/Work/MyLevelDB/leveldb/build/CMakeFiles/CMakeTmp'
make: *** [Makefile:121: cmTC_5ae14/fast] Error 2


Source file was:
#include <pthread.h>

void* test_func(void* data)
{
  return data;
}

int main(void)
{
  pthread_t thread;
  pthread_create(&thread, NULL, test_func, NULL);
  pthread_detach(thread);
  pthread_join(thread, NULL);
  pthread_atfork(NULL, NULL, NULL);
  pthread_exit(NULL);

  return 0;
}

Determining if the function pthread_create exists in the pthreads failed with the following output:
Change Dir: /home/wojtek/Work/MyLevelDB/leveldb/build/CMakeFiles/CMakeTmp

Run Build Command(s):/usr/bin/make cmTC_413e9/fast && /usr/bin/make -f CMakeFiles/cmTC_413e9.dir/build.make CMakeFiles/cmTC_413e9.dir/build
make[1]: Entering directory '/home/wojtek/Work/MyLevelDB/leveldb/build/CMakeFiles/CMakeTmp'
Building C object CMakeFiles/cmTC_413e9.dir/CheckFunctionExists.c.o
/usr/bin/cc   -Wstrict-prototypes -DCHECK_FUNCTION_EXISTS=pthread_create   -std=c11 -o CMakeFiles/cmTC_413e9.dir/CheckFunctionExists.c.o   -c /usr/share/cmake-3.16/Modules/CheckFunctionExists.c
Linking C executable cmTC_413e9
/usr/bin/cmake -E cmake_link_script CMakeFiles/cmTC_413e9.dir/link.txt --verbose=1
/usr/bin/cc  -Wstrict-prototypes -DCHECK_FUNCTION_EXISTS=pthread_create    CMakeFiles/cmTC_413e9.dir/CheckFunctionExists.c.o  -o cmTC_413e9  -lpthreads 
/usr/bin/ld: cannot find -lpthreads
collect2: error: ld returned 1 exit status
make[1]: *** [CMakeFiles/cmTC_413e9.dir/build.make:87: cmTC_413e9] Error 1
make[1]: Leaving directory '/home/wojtek/Work/MyLevelDB/leveldb/build/CMakeFiles/CMakeTmp'
make: *** [Makefile:121: cmTC_413e9/fast] Error 2



Performing C++ SOURCE FILE Test HAVE_CXX_FLAG_WSHORTEN_64_TO_32 failed with the following output:
Change Dir: /home/wojtek/Work/MyLevelDB/leveldb/build/CMakeFiles/CMakeTmp

Run Build Command(s):/usr/bin/make cmTC_2e883/fast && /usr/bin/make -f CMakeFiles/cmTC_2e883.dir/build.make CMakeFiles/cmTC_2e883.dir/build
make[1]: Entering directory '/home/wojtek/Work/MyLevelDB/leveldb/build/CMakeFiles/CMakeTmp'
Building CXX object CMakeFiles/cmTC_2e883.dir/src.cxx.o
/usr/bin/c++    -fno-exceptions -fno-rtti  -Wall  -Wextra  -Wshadow  -Wfloat-equal  -Werror  -Wsuggest-override  -pedantic  -pedantic-errors -DHAVE_CXX_FLAG_WSHORTEN_64_TO_32  -Wshorten-64-to-32   -Wshorten-64-to-32 -std=c++11 -o CMakeFiles/cmTC_2e883.dir/src.cxx.o -c /home/wojtek/Work/MyLevelDB/leveldb/build/CMakeFiles/CMakeTmp/src.cxx
c++: error: unrecognized command line option '-Wshorten-64-to-32'
c++: error: unrecognized command line option '-Wshorten-64-to-32'
make[1]: *** [CMakeFiles/cmTC_2e883.dir/build.make:66: CMakeFiles/cmTC_2e883.dir/src.cxx.o] Error 1
make[1]: Leaving directory '/home/wojtek/Work/MyLevelDB/leveldb/build/CMakeFiles/CMakeTmp'
make: *** [Makefile:121: cmTC_2e883/fast] Error 2


Source file was:
int main() { return 0; }
Performing C++ SOURCE FILE Test HAVE_CXX_FLAG_WD654 failed with the following output:
Change Dir: /home/wojtek/Work/MyLevelDB/leveldb/build/CMakeFiles/CMakeTmp

Run Build Command(s):/usr/bin/make cmTC_5de3d/fast && /usr/bin/make -f CMakeFiles/cmTC_5de3d.dir/build.make CMakeFiles/cmTC_5de3d.dir/build
make[1]: Entering directory '/home/wojtek/Work/MyLevelDB/leveldb/build/CMakeFiles/CMakeTmp'
Building CXX object CMakeFiles/cmTC_5de3d.dir/src.cxx.o
/usr/bin/c++    -fno-exceptions -fno-rtti  -Wall  -Wextra  -Wshadow  -Wfloat-equal  -Werror  -Wsuggest-override  -pedantic  -pedantic-errors  -fstrict-aliasing  -Wno-deprecated-declarations  -Wno-deprecated  -fno-exceptions  -Wstrict-aliasing -DHAVE_CXX_FLAG_WD654  -wd654   -wd654 -std=c++11 -o CMakeFiles/cmTC_5de3d.dir/src.cxx.o -c /home/wojtek/Work/MyLevelDB/leveldb/build/CMakeFiles/CMakeTmp/src.cxx
c++: error: unrecognized command line option '-wd654'
c++: error: unrecognized command line option '-wd654'
make[1]: *** [CMakeFiles/cmTC_5de3d.dir/build.make:66: CMakeFiles/cmTC_5de3d.dir/src.cxx.o] Error 1
make[1]: Leaving directory '/home/wojtek/Work/MyLevelDB/leveldb/build/CMakeFiles/CMakeTmp'
make: *** [Makefile:121: cmTC_5de3d/fast] Error 2


Source file was:
int main() { return 0; }
Performing C++ SOURCE FILE Test HAVE_CXX_FLAG_WTHREAD_SAFETY failed with the following output:
Change Dir: /home/wojtek/Work/MyLevelDB/leveldb/build/CMakeFiles/CMakeTmp

Run Build Command(s):/usr/bin/make cmTC_15741/fast && /usr/bin/make -f CMakeFiles/cmTC_15741.dir/build.make CMakeFiles/cmTC_15741.dir/build
make[1]: Entering directory '/home/wojtek/Work/MyLevelDB/leveldb/build/CMakeFiles/CMakeTmp'
Building CXX object CMakeFiles/cmTC_15741.dir/src.cxx.o
/usr/bin/c++    -fno-exceptions -fno-rtti  -Wall  -Wextra  -Wshadow  -Wfloat-equal  -Werror  -Wsuggest-override  -pedantic  -pedantic-errors  -fstrict-aliasing  -Wno-deprecated-declarations  -Wno-deprecated  -fno-exceptions  -Wstrict-aliasing -DHAVE_CXX_FLAG_WTHREAD_SAFETY  -Wthread-safety   -Wthread-safety -std=c++11 -o CMakeFiles/cmTC_15741.dir/src.cxx.o -c /home/wojtek/Work/MyLevelDB/leveldb/build/CMakeFiles/CMakeTmp/src.cxx
c++: error: unrecognized command line option '-Wthread-safety'
c++: error: unrecognized command line option '-Wthread-safety'
make[1]: *** [CMakeFiles/cmTC_15741.dir/build.make:66: CMakeFiles/cmTC_15741.dir/src.cxx.o] Error 1
make[1]: Leaving directory '/home/wojtek/Work/MyLevelDB/leveldb/build/CMakeFiles/CMakeTmp'
make: *** [Makefile:121: cmTC_15741/fast] Error 2


Source file was:
int main() { return 0; }
Determining if the function sqlite3_open exists in the sqlite3 failed with the following output:
Change Dir: /home/wojtek/Work/MyLevelDB/leveldb/build/CMakeFiles/CMakeTmp

Run Build Command(s):/usr/bin/make cmTC_9c6f1/fast && /usr/bin/make -f CMakeFiles/cmTC_9c6f1.dir/build.make CMakeFiles/cmTC_9c6f1.dir/build
make[1]: Entering directory '/home/wojtek/Work/MyLevelDB/leveldb/build/CMakeFiles/CMakeTmp'
Building C object CMakeFiles/cmTC_9c6f1.dir/CheckFunctionExists.c.o
/usr/bin/cc   -Wstrict-prototypes -DCHECK_FUNCTION_EXISTS=sqlite3_open   -std=c11 -o CMakeFiles/cmTC_9c6f1.dir/CheckFunctionExists.c.o   -c /usr/share/cmake-3.16/Modules/CheckFunctionExists.c
Linking C executable cmTC_9c6f1
/usr/bin/cmake -E cmake_link_script CMakeFiles/cmTC_9c6f1.dir/link.txt --verbose=1
/usr/bin/cc  -Wstrict-prototypes -DCHECK_FUNCTION_EXISTS=sqlite3_open    CMakeFiles/cmTC_9c6f1.dir/CheckFunctionExists.c.o  -o cmTC_9c6f1  -lsqlite3 
/usr/bin/ld: cannot find -lsqlite3
collect2: error: ld returned 1 exit status
make[1]: *** [CMakeFiles/cmTC_9c6f1.dir/build.make:87: cmTC_9c6f1] Error 1
make[1]: Leaving directory '/home/wojtek/Work/MyLevelDB/leveldb/build/CMakeFiles/CMakeTmp'
make: *** [Makefile:121: cmTC_9c6f1/fast] Error 2



Performing C++ SOURCE FILE Test HAVE_KYOTOCABINET failed with the following output:
Change Dir: /home/wojtek/Work/MyLevelDB/leveldb/build/CMakeFiles/CMakeTmp

Run Build Command(s):/usr/bin/make cmTC_36151/fast && /usr/bin/make -f CMakeFiles/cmTC_36151.dir/build.make CMakeFiles/cmTC_36151.dir/build
make[1]: Entering directory '/home/wojtek/Work/MyLevelDB/leveldb/build/CMakeFiles/CMakeTmp'
Building CXX object CMakeFiles/cmTC_36151.dir/src.cxx.o
/usr/bin/c++    -fno-exceptions -fno-rtti -DHAVE_KYOTOCABINET   -std=c++11 -o CMakeFiles/cmTC_36151.dir/src.cxx.o -c /home/wojtek/Work/MyLevelDB/leveldb/build/CMakeFiles/CMakeTmp/src.cxx
/home/wojtek/Work/MyLevelDB/leveldb/build/CMakeFiles/CMakeTmp/src.cxx:2:10: fatal error: kcpolydb.h: No such file or directory
    2 | #include <kcpolydb.h>
      |          ^~~~~~~~~~~~
compilation terminated.
make[1]: *** [CMakeFiles/cmTC_36151.dir/build.make:66: CMakeFiles/cmTC_36151.dir/src.cxx.o] Error 1
make[1]: Leaving directory '/home/wojtek/Work/MyLevelDB/leveldb/build/CMakeFiles/CMakeTmp'
make: *** [Makefile:121: cmTC_36151/fast] Error 2


Source file was:

#include <kcpolydb.h>

int main() {
  kyotocabinet::TreeDB* db = new kyotocabinet::TreeDB();
  delete db;
  return 0;
}
  
